<?xml version="1.0" encoding="UTF-8"?>
<!-- Generated by org.testng.reporters.JUnitReportReporter -->
<testsuite skipped="0" hostname="YIT_PC103953" name="com.forcepoint.tests.AppTest" tests="1" failures="0" timestamp="11 Nov 2018 09:25:20 GMT" time="131.493" errors="0">
  <testcase name="shouldAnswerWithTrue" time="131.493" classname="com.forcepoint.tests.AppTest"/>
</testsuite> <!-- com.forcepoint.tests.AppTest -->
