<?xml version="1.0" encoding="UTF-8"?>
<!-- Generated by org.testng.reporters.JUnitReportReporter -->
<testsuite skipped="0" hostname="YIT_PC103953" name="com.forcepoint.tests.SortTest" tests="1" failures="0" timestamp="11 Nov 2018 16:16:14 GMT" time="78.211" errors="0">
  <testcase name="popularResultsIsSortedTest" time="78.211" classname="com.forcepoint.tests.SortTest"/>
</testsuite> <!-- com.forcepoint.tests.SortTest -->
