<?xml version="1.0" encoding="UTF-8"?>
<!-- Generated by org.testng.reporters.JUnitReportReporter -->
<testsuite skipped="0" hostname="YIT_PC103953" name="com.forcepoint.tests.TestSearchBy" tests="1" failures="0" timestamp="08 Nov 2018 11:11:50 GMT" time="3.369" errors="0">
  <testcase name="Test" time="3.369" classname="com.forcepoint.tests.TestSearchBy"/>
</testsuite> <!-- com.forcepoint.tests.TestSearchBy -->
