<?xml version="1.0" encoding="UTF-8"?>
<!-- Generated by org.testng.reporters.JUnitReportReporter -->
<testsuite skipped="0" hostname="YIT_PC103953" name="com.forcepoint.udacity.tests.TestLogin" tests="1" failures="0" timestamp="07 Nov 2018 16:29:03 GMT" time="50.812" errors="0">
  <testcase name="Test" time="50.812" classname="com.forcepoint.udacity.tests.TestLogin"/>
</testsuite> <!-- com.forcepoint.udacity.tests.TestLogin -->
